Classic Timing Analyzer report for MEM
Fri Dec 12 00:40:39 2025
Quartus II Version 9.1 Build 350 03/24/2010 Service Pack 2 SJ Web Edition


---------------------
; Table of Contents ;
---------------------
  1. Legal Notice
  2. Timing Analyzer Summary
  3. Timing Analyzer Settings
  4. Parallel Compilation
  5. tpd
  6. Timing Analyzer Messages



----------------
; Legal Notice ;
----------------
Copyright (C) 1991-2010 Altera Corporation
Your use of Altera Corporation's design tools, logic functions 
and other software and tools, and its AMPP partner logic 
functions, and any output files from any of the foregoing 
(including device programming or simulation files), and any 
associated documentation or information are expressly subject 
to the terms and conditions of the Altera Program License 
Subscription Agreement, Altera MegaCore Function License 
Agreement, or other applicable license agreement, including, 
without limitation, that your use is for the sole purpose of 
programming logic devices manufactured by Altera and sold by 
Altera or its authorized distributors.  Please refer to the 
applicable agreement for further details.



+---------------------------------------------------------------------------------------------------------------------------+
; Timing Analyzer Summary                                                                                                   ;
+------------------------------+-------+---------------+-------------+------+--------+------------+----------+--------------+
; Type                         ; Slack ; Required Time ; Actual Time ; From ; To     ; From Clock ; To Clock ; Failed Paths ;
+------------------------------+-------+---------------+-------------+------+--------+------------+----------+--------------+
; Worst-case tpd               ; N/A   ; None          ; 7.160 ns    ; q[2] ; CRT[2] ; --         ; --       ; 0            ;
; Total number of failed paths ;       ;               ;             ;      ;        ;            ;          ; 0            ;
+------------------------------+-------+---------------+-------------+------+--------+------------+----------+--------------+


+-----------------------------------------------------------------------------------------------------------------------------------------------------+
; Timing Analyzer Settings                                                                                                                            ;
+------------------------------------------------------------------------------------------------------+--------------------+------+----+-------------+
; Option                                                                                               ; Setting            ; From ; To ; Entity Name ;
+------------------------------------------------------------------------------------------------------+--------------------+------+----+-------------+
; Device Name                                                                                          ; EP2S15F484C3       ;      ;    ;             ;
; Timing Models                                                                                        ; Final              ;      ;    ;             ;
; Default hold multicycle                                                                              ; Same as Multicycle ;      ;    ;             ;
; Cut paths between unrelated clock domains                                                            ; On                 ;      ;    ;             ;
; Cut off read during write signal paths                                                               ; On                 ;      ;    ;             ;
; Cut off feedback from I/O pins                                                                       ; On                 ;      ;    ;             ;
; Report Combined Fast/Slow Timing                                                                     ; Off                ;      ;    ;             ;
; Ignore Clock Settings                                                                                ; Off                ;      ;    ;             ;
; Analyze latches as synchronous elements                                                              ; On                 ;      ;    ;             ;
; Enable Recovery/Removal analysis                                                                     ; Off                ;      ;    ;             ;
; Enable Clock Latency                                                                                 ; Off                ;      ;    ;             ;
; Use TimeQuest Timing Analyzer                                                                        ; Off                ;      ;    ;             ;
; Number of source nodes to report per destination node                                                ; 10                 ;      ;    ;             ;
; Number of destination nodes to report                                                                ; 10                 ;      ;    ;             ;
; Number of paths to report                                                                            ; 200                ;      ;    ;             ;
; Report Minimum Timing Checks                                                                         ; Off                ;      ;    ;             ;
; Use Fast Timing Models                                                                               ; Off                ;      ;    ;             ;
; Report IO Paths Separately                                                                           ; Off                ;      ;    ;             ;
; Perform Multicorner Analysis                                                                         ; On                 ;      ;    ;             ;
; Reports the worst-case path for each clock domain and analysis                                       ; Off                ;      ;    ;             ;
; Reports worst-case timing paths for each clock domain and analysis                                   ; Off                ;      ;    ;             ;
; Specifies the maximum number of worst-case timing paths to report for each clock domain and analysis ; 100                ;      ;    ;             ;
; Removes common clock path pessimism (CCPP) during slack computation                                  ; Off                ;      ;    ;             ;
; Output I/O Timing Endpoint                                                                           ; Near End           ;      ;    ;             ;
+------------------------------------------------------------------------------------------------------+--------------------+------+----+-------------+


Parallel compilation was disabled, but you have multiple processors available. Enable parallel compilation to reduce compilation time.
+-------------------------------------+
; Parallel Compilation                ;
+----------------------------+--------+
; Processors                 ; Number ;
+----------------------------+--------+
; Number detected on machine ; 24     ;
; Maximum allowed            ; 1      ;
+----------------------------+--------+


+-------------------------------------------------------------+
; tpd                                                         ;
+-------+-------------------+-----------------+------+--------+
; Slack ; Required P2P Time ; Actual P2P Time ; From ; To     ;
+-------+-------------------+-----------------+------+--------+
; N/A   ; None              ; 7.160 ns        ; q[2] ; CRT[2] ;
; N/A   ; None              ; 7.081 ns        ; q[3] ; CRT[3] ;
; N/A   ; None              ; 7.043 ns        ; q[1] ; CRT[1] ;
; N/A   ; None              ; 6.882 ns        ; q[0] ; CRT[0] ;
; N/A   ; None              ; 6.833 ns        ; q[6] ; CRT[6] ;
; N/A   ; None              ; 6.662 ns        ; q[4] ; CRT[4] ;
; N/A   ; None              ; 6.644 ns        ; q[5] ; CRT[5] ;
; N/A   ; None              ; 6.598 ns        ; q[7] ; CRT[7] ;
+-------+-------------------+-----------------+------+--------+


+--------------------------+
; Timing Analyzer Messages ;
+--------------------------+
Info: *******************************************************************
Info: Running Quartus II Classic Timing Analyzer
    Info: Version 9.1 Build 350 03/24/2010 Service Pack 2 SJ Web Edition
    Info: Processing started: Fri Dec 12 00:40:39 2025
Info: Command: quartus_tan --read_settings_files=off --write_settings_files=off MEM -c MEM --timing_analysis_only
Info: Longest tpd from source pin "q[2]" to destination pin "CRT[2]" is 7.160 ns
    Info: 1: + IC(0.000 ns) + CELL(0.857 ns) = 0.857 ns; Loc. = PIN_AA17; Fanout = 1; PIN Node = 'q[2]'
    Info: 2: + IC(4.321 ns) + CELL(1.982 ns) = 7.160 ns; Loc. = PIN_Y18; Fanout = 0; PIN Node = 'CRT[2]'
    Info: Total cell delay = 2.839 ns ( 39.65 % )
    Info: Total interconnect delay = 4.321 ns ( 60.35 % )
Info: Quartus II Classic Timing Analyzer was successful. 0 errors, 0 warnings
    Info: Peak virtual memory: 194 megabytes
    Info: Processing ended: Fri Dec 12 00:40:41 2025
    Info: Elapsed time: 00:00:02
    Info: Total CPU time (on all processors): 00:00:02


