Analysis & Synthesis report for ALU
Fri Dec 26 21:12:07 2025
Quartus II Version 9.1 Build 350 03/24/2010 Service Pack 2 SJ Web Edition


---------------------
; Table of Contents ;
---------------------
  1. Legal Notice
  2. Analysis & Synthesis Summary
  3. Analysis & Synthesis Settings
  4. Parallel Compilation
  5. Analysis & Synthesis Source Files Read
  6. Analysis & Synthesis Resource Usage Summary
  7. Analysis & Synthesis Resource Utilization by Entity
  8. General Register Statistics
  9. Multiplexer Restructuring Statistics (Restructuring Performed)
 10. Parameter Settings for User Entity Instance: ALU_lpm_mux0:inst2|lpm_mux:lpm_mux_component
 11. Parameter Settings for User Entity Instance: lpm_add_sub0:ADD|lpm_add_sub:lpm_add_sub_component
 12. Parameter Settings for User Entity Instance: lpm_decode1:inst4|lpm_decode:lpm_decode_component
 13. Parameter Settings for User Entity Instance: lpm_and0:and|lpm_and:lpm_and_component
 14. Parameter Settings for User Entity Instance: lpm_inv0:inv|lpm_inv:lpm_inv_component
 15. Parameter Settings for User Entity Instance: lpm_add_sub0:inst1|lpm_add_sub:lpm_add_sub_component
 16. Analysis & Synthesis Messages



----------------
; Legal Notice ;
----------------
Copyright (C) 1991-2010 Altera Corporation
Your use of Altera Corporation's design tools, logic functions 
and other software and tools, and its AMPP partner logic 
functions, and any output files from any of the foregoing 
(including device programming or simulation files), and any 
associated documentation or information are expressly subject 
to the terms and conditions of the Altera Program License 
Subscription Agreement, Altera MegaCore Function License 
Agreement, or other applicable license agreement, including, 
without limitation, that your use is for the sole purpose of 
programming logic devices manufactured by Altera and sold by 
Altera or its authorized distributors.  Please refer to the 
applicable agreement for further details.



+------------------------------------------------------------------------------+
; Analysis & Synthesis Summary                                                 ;
+-------------------------------+----------------------------------------------+
; Analysis & Synthesis Status   ; Successful - Fri Dec 26 21:12:07 2025        ;
; Quartus II Version            ; 9.1 Build 350 03/24/2010 SP 2 SJ Web Edition ;
; Revision Name                 ; ALU                                          ;
; Top-level Entity Name         ; ALU                                          ;
; Family                        ; Stratix II                                   ;
; Logic utilization             ; N/A                                          ;
;     Combinational ALUTs       ; 39                                           ;
;     Dedicated logic registers ; 0                                            ;
; Total registers               ; 0                                            ;
; Total pins                    ; 57                                           ;
; Total virtual pins            ; 0                                            ;
; Total block memory bits       ; 0                                            ;
; DSP block 9-bit elements      ; 0                                            ;
; Total PLLs                    ; 0                                            ;
; Total DLLs                    ; 0                                            ;
+-------------------------------+----------------------------------------------+


+----------------------------------------------------------------------------------------------------------------------+
; Analysis & Synthesis Settings                                                                                        ;
+----------------------------------------------------------------------------+--------------------+--------------------+
; Option                                                                     ; Setting            ; Default Value      ;
+----------------------------------------------------------------------------+--------------------+--------------------+
; Top-level entity name                                                      ; ALU                ; ALU                ;
; Family name                                                                ; Stratix II         ; Stratix II         ;
; Type of Retiming Performed During Resynthesis                              ; Full               ;                    ;
; Resynthesis Optimization Effort                                            ; Normal             ;                    ;
; Physical Synthesis Level for Resynthesis                                   ; Normal             ;                    ;
; Use Generated Physical Constraints File                                    ; Off                ;                    ;
; Use smart compilation                                                      ; Off                ; Off                ;
; Enable parallel Assembler and TimeQuest Timing Analyzer during compilation ; On                 ; On                 ;
; Enable compact report table                                                ; Off                ; Off                ;
; Restructure Multiplexers                                                   ; Auto               ; Auto               ;
; Create Debugging Nodes for IP Cores                                        ; Off                ; Off                ;
; Preserve fewer node names                                                  ; On                 ; On                 ;
; Disable OpenCore Plus hardware evaluation                                  ; Off                ; Off                ;
; Verilog Version                                                            ; Verilog_2001       ; Verilog_2001       ;
; VHDL Version                                                               ; VHDL_1993          ; VHDL_1993          ;
; State Machine Processing                                                   ; Auto               ; Auto               ;
; Safe State Machine                                                         ; Off                ; Off                ;
; Extract Verilog State Machines                                             ; On                 ; On                 ;
; Extract VHDL State Machines                                                ; On                 ; On                 ;
; Ignore Verilog initial constructs                                          ; Off                ; Off                ;
; Iteration limit for constant Verilog loops                                 ; 5000               ; 5000               ;
; Iteration limit for non-constant Verilog loops                             ; 250                ; 250                ;
; Add Pass-Through Logic to Inferred RAMs                                    ; On                 ; On                 ;
; Parallel Synthesis                                                         ; On                 ; On                 ;
; DSP Block Balancing                                                        ; Auto               ; Auto               ;
; NOT Gate Push-Back                                                         ; On                 ; On                 ;
; Power-Up Don't Care                                                        ; On                 ; On                 ;
; Remove Redundant Logic Cells                                               ; Off                ; Off                ;
; Remove Duplicate Registers                                                 ; On                 ; On                 ;
; Ignore CARRY Buffers                                                       ; Off                ; Off                ;
; Ignore CASCADE Buffers                                                     ; Off                ; Off                ;
; Ignore GLOBAL Buffers                                                      ; Off                ; Off                ;
; Ignore ROW GLOBAL Buffers                                                  ; Off                ; Off                ;
; Ignore LCELL Buffers                                                       ; Off                ; Off                ;
; Ignore SOFT Buffers                                                        ; On                 ; On                 ;
; Limit AHDL Integers to 32 Bits                                             ; Off                ; Off                ;
; Optimization Technique                                                     ; Balanced           ; Balanced           ;
; Carry Chain Length                                                         ; 70                 ; 70                 ;
; Auto Carry Chains                                                          ; On                 ; On                 ;
; Auto Open-Drain Pins                                                       ; On                 ; On                 ;
; Perform WYSIWYG Primitive Resynthesis                                      ; Off                ; Off                ;
; Auto ROM Replacement                                                       ; On                 ; On                 ;
; Auto RAM Replacement                                                       ; On                 ; On                 ;
; Auto DSP Block Replacement                                                 ; On                 ; On                 ;
; Auto Shift Register Replacement                                            ; Auto               ; Auto               ;
; Auto Clock Enable Replacement                                              ; On                 ; On                 ;
; Strict RAM Replacement                                                     ; Off                ; Off                ;
; Allow Synchronous Control Signals                                          ; On                 ; On                 ;
; Force Use of Synchronous Clear Signals                                     ; Off                ; Off                ;
; Auto RAM Block Balancing                                                   ; On                 ; On                 ;
; Auto RAM to Logic Cell Conversion                                          ; Off                ; Off                ;
; Auto Resource Sharing                                                      ; Off                ; Off                ;
; Allow Any RAM Size For Recognition                                         ; Off                ; Off                ;
; Allow Any ROM Size For Recognition                                         ; Off                ; Off                ;
; Allow Any Shift Register Size For Recognition                              ; Off                ; Off                ;
; Use LogicLock Constraints during Resource Balancing                        ; On                 ; On                 ;
; Ignore translate_off and synthesis_off directives                          ; Off                ; Off                ;
; Timing-Driven Synthesis                                                    ; Off                ; Off                ;
; Show Parameter Settings Tables in Synthesis Report                         ; On                 ; On                 ;
; Ignore Maximum Fan-Out Assignments                                         ; Off                ; Off                ;
; Synchronization Register Chain Length                                      ; 2                  ; 2                  ;
; PowerPlay Power Optimization                                               ; Normal compilation ; Normal compilation ;
; HDL message level                                                          ; Level2             ; Level2             ;
; Suppress Register Optimization Related Messages                            ; Off                ; Off                ;
; Number of Removed Registers Reported in Synthesis Report                   ; 5000               ; 5000               ;
; Number of Inverted Registers Reported in Synthesis Report                  ; 100                ; 100                ;
; Clock MUX Protection                                                       ; On                 ; On                 ;
; Auto Gated Clock Conversion                                                ; Off                ; Off                ;
; Block Design Naming                                                        ; Auto               ; Auto               ;
; SDC constraint protection                                                  ; Off                ; Off                ;
; Synthesis Effort                                                           ; Auto               ; Auto               ;
; Shift Register Replacement - Allow Asynchronous Clear Signal               ; On                 ; On                 ;
; Analysis & Synthesis Message Level                                         ; Medium             ; Medium             ;
; Disable Register Merging Across Hierarchies                                ; Auto               ; Auto               ;
; Resource Aware Inference For Block RAM                                     ; On                 ; On                 ;
+----------------------------------------------------------------------------+--------------------+--------------------+


Parallel compilation was disabled, but you have multiple processors available. Enable parallel compilation to reduce compilation time.
+-------------------------------------+
; Parallel Compilation                ;
+----------------------------+--------+
; Processors                 ; Number ;
+----------------------------+--------+
; Number detected on machine ; 24     ;
; Maximum allowed            ; 1      ;
+----------------------------+--------+


+------------------------------------------------------------------------------------------------------------------------------------------------------+
; Analysis & Synthesis Source Files Read                                                                                                               ;
+----------------------------------+-----------------+------------------------------------+------------------------------------------------------------+
; File Name with User-Entered Path ; Used in Netlist ; File Type                          ; File Name with Absolute Path                               ;
+----------------------------------+-----------------+------------------------------------+------------------------------------------------------------+
; ALU.bdf                          ; yes             ; User Block Diagram/Schematic File  ; C:/Users/29817/Desktop/Quartus/ALU/ALU.bdf                 ;
; alu_lpm_mux0.tdf                 ; yes             ; Auto-Found Wizard-Generated File   ; C:/Users/29817/Desktop/Quartus/ALU/alu_lpm_mux0.tdf        ;
; lpm_mux.inc                      ; yes             ; Auto-Found AHDL File               ; d:/quartus/quartus/libraries/megafunctions/lpm_mux.inc     ;
; lpm_mux.tdf                      ; yes             ; Megafunction                       ; d:/quartus/quartus/libraries/megafunctions/lpm_mux.tdf     ;
; db/mux_1oc.tdf                   ; yes             ; Auto-Generated Megafunction        ; C:/Users/29817/Desktop/Quartus/ALU/db/mux_1oc.tdf          ;
; lpm_add_sub0.tdf                 ; yes             ; Auto-Found Wizard-Generated File   ; C:/Users/29817/Desktop/Quartus/ALU/lpm_add_sub0.tdf        ;
; lpm_add_sub.inc                  ; yes             ; Auto-Found AHDL File               ; d:/quartus/quartus/libraries/megafunctions/lpm_add_sub.inc ;
; lpm_add_sub.tdf                  ; yes             ; Megafunction                       ; d:/quartus/quartus/libraries/megafunctions/lpm_add_sub.tdf ;
; db/add_sub_pnh.tdf               ; yes             ; Auto-Generated Megafunction        ; C:/Users/29817/Desktop/Quartus/ALU/db/add_sub_pnh.tdf      ;
; lpm_decode1.tdf                  ; yes             ; Auto-Found Wizard-Generated File   ; C:/Users/29817/Desktop/Quartus/ALU/lpm_decode1.tdf         ;
; lpm_decode.inc                   ; yes             ; Auto-Found AHDL File               ; d:/quartus/quartus/libraries/megafunctions/lpm_decode.inc  ;
; lpm_decode.tdf                   ; yes             ; Megafunction                       ; d:/quartus/quartus/libraries/megafunctions/lpm_decode.tdf  ;
; db/decode_p7f.tdf                ; yes             ; Auto-Generated Megafunction        ; C:/Users/29817/Desktop/Quartus/ALU/db/decode_p7f.tdf       ;
; lpm_and0.tdf                     ; yes             ; Auto-Found Wizard-Generated File   ; C:/Users/29817/Desktop/Quartus/ALU/lpm_and0.tdf            ;
; lpm_and.inc                      ; yes             ; Auto-Found AHDL File               ; d:/quartus/quartus/libraries/megafunctions/lpm_and.inc     ;
; lpm_and.tdf                      ; yes             ; Megafunction                       ; d:/quartus/quartus/libraries/megafunctions/lpm_and.tdf     ;
; lpm_inv0.tdf                     ; yes             ; Auto-Found Wizard-Generated File   ; C:/Users/29817/Desktop/Quartus/ALU/lpm_inv0.tdf            ;
; lpm_inv.inc                      ; yes             ; Auto-Found AHDL File               ; d:/quartus/quartus/libraries/megafunctions/lpm_inv.inc     ;
; lpm_inv.tdf                      ; yes             ; Megafunction                       ; d:/quartus/quartus/libraries/megafunctions/lpm_inv.tdf     ;
+----------------------------------+-----------------+------------------------------------+------------------------------------------------------------+


+--------------------------------------------------------+
; Analysis & Synthesis Resource Usage Summary            ;
+-----------------------------------------------+--------+
; Resource                                      ; Usage  ;
+-----------------------------------------------+--------+
; Estimated ALUTs Used                          ; 39     ;
; Dedicated logic registers                     ; 0      ;
;                                               ;        ;
; Estimated ALUTs Unavailable                   ; 1      ;
;                                               ;        ;
; Total combinational functions                 ; 39     ;
; Combinational ALUT usage by number of inputs  ;        ;
;     -- 7 input functions                      ; 0      ;
;     -- 6 input functions                      ; 1      ;
;     -- 5 input functions                      ; 6      ;
;     -- 4 input functions                      ; 2      ;
;     -- <=3 input functions                    ; 30     ;
;                                               ;        ;
; Combinational ALUTs by mode                   ;        ;
;     -- normal mode                            ; 19     ;
;     -- extended LUT mode                      ; 0      ;
;     -- arithmetic mode                        ; 20     ;
;     -- shared arithmetic mode                 ; 0      ;
;                                               ;        ;
; Estimated ALUT/register pairs used            ; 40     ;
;                                               ;        ;
; Total registers                               ; 0      ;
;     -- Dedicated logic registers              ; 0      ;
;     -- I/O registers                          ; 0      ;
;                                               ;        ;
; Estimated ALMs:  partially or completely used ; 20     ;
;                                               ;        ;
; I/O pins                                      ; 57     ;
; Maximum fan-out node                          ; SEL[1] ;
; Maximum fan-out                               ; 14     ;
; Total fan-out                                 ; 165    ;
; Average fan-out                               ; 1.72   ;
+-----------------------------------------------+--------+


+-------------------------------------------------------------------------------------------------------------------------------------------------------------------------------------------------------------------------------------------------------------------------------+
; Analysis & Synthesis Resource Utilization by Entity                                                                                                                                                                                                                           ;
+-------------------------------------------+-------------------+--------------+-------------------+--------------+---------+-----------+-----------+------+--------------+--------------------------------------------------------------------------------------+--------------+
; Compilation Hierarchy Node                ; LC Combinationals ; LC Registers ; Block Memory Bits ; DSP Elements ; DSP 9x9 ; DSP 18x18 ; DSP 36x36 ; Pins ; Virtual Pins ; Full Hierarchy Name                                                                  ; Library Name ;
+-------------------------------------------+-------------------+--------------+-------------------+--------------+---------+-----------+-----------+------+--------------+--------------------------------------------------------------------------------------+--------------+
; |ALU                                      ; 39 (4)            ; 0 (0)        ; 0                 ; 0            ; 0       ; 0         ; 0         ; 57   ; 0            ; |ALU                                                                                 ; work         ;
;    |ALU_lpm_mux0:inst2|                   ; 12 (0)            ; 0 (0)        ; 0                 ; 0            ; 0       ; 0         ; 0         ; 0    ; 0            ; |ALU|ALU_lpm_mux0:inst2                                                              ;              ;
;       |lpm_mux:lpm_mux_component|         ; 12 (0)            ; 0 (0)        ; 0                 ; 0            ; 0       ; 0         ; 0         ; 0    ; 0            ; |ALU|ALU_lpm_mux0:inst2|lpm_mux:lpm_mux_component                                    ; work         ;
;          |mux_1oc:auto_generated|         ; 12 (12)           ; 0 (0)        ; 0                 ; 0            ; 0       ; 0         ; 0         ; 0    ; 0            ; |ALU|ALU_lpm_mux0:inst2|lpm_mux:lpm_mux_component|mux_1oc:auto_generated             ;              ;
;    |lpm_add_sub0:ADD|                     ; 11 (0)            ; 0 (0)        ; 0                 ; 0            ; 0       ; 0         ; 0         ; 0    ; 0            ; |ALU|lpm_add_sub0:ADD                                                                ; work         ;
;       |lpm_add_sub:lpm_add_sub_component| ; 11 (0)            ; 0 (0)        ; 0                 ; 0            ; 0       ; 0         ; 0         ; 0    ; 0            ; |ALU|lpm_add_sub0:ADD|lpm_add_sub:lpm_add_sub_component                              ; work         ;
;          |add_sub_pnh:auto_generated|     ; 11 (11)           ; 0 (0)        ; 0                 ; 0            ; 0       ; 0         ; 0         ; 0    ; 0            ; |ALU|lpm_add_sub0:ADD|lpm_add_sub:lpm_add_sub_component|add_sub_pnh:auto_generated   ; work         ;
;    |lpm_add_sub0:inst1|                   ; 11 (0)            ; 0 (0)        ; 0                 ; 0            ; 0       ; 0         ; 0         ; 0    ; 0            ; |ALU|lpm_add_sub0:inst1                                                              ; work         ;
;       |lpm_add_sub:lpm_add_sub_component| ; 11 (0)            ; 0 (0)        ; 0                 ; 0            ; 0       ; 0         ; 0         ; 0    ; 0            ; |ALU|lpm_add_sub0:inst1|lpm_add_sub:lpm_add_sub_component                            ; work         ;
;          |add_sub_pnh:auto_generated|     ; 11 (11)           ; 0 (0)        ; 0                 ; 0            ; 0       ; 0         ; 0         ; 0    ; 0            ; |ALU|lpm_add_sub0:inst1|lpm_add_sub:lpm_add_sub_component|add_sub_pnh:auto_generated ; work         ;
;    |lpm_decode1:inst4|                    ; 1 (0)             ; 0 (0)        ; 0                 ; 0            ; 0       ; 0         ; 0         ; 0    ; 0            ; |ALU|lpm_decode1:inst4                                                               ; work         ;
;       |lpm_decode:lpm_decode_component|   ; 1 (0)             ; 0 (0)        ; 0                 ; 0            ; 0       ; 0         ; 0         ; 0    ; 0            ; |ALU|lpm_decode1:inst4|lpm_decode:lpm_decode_component                               ; work         ;
;          |decode_p7f:auto_generated|      ; 1 (1)             ; 0 (0)        ; 0                 ; 0            ; 0       ; 0         ; 0         ; 0    ; 0            ; |ALU|lpm_decode1:inst4|lpm_decode:lpm_decode_component|decode_p7f:auto_generated     ; work         ;
+-------------------------------------------+-------------------+--------------+-------------------+--------------+---------+-----------+-----------+------+--------------+--------------------------------------------------------------------------------------+--------------+
Note: For table entries with two numbers listed, the numbers in parentheses indicate the number of resources of the given type used by the specific entity alone. The numbers listed outside of parentheses indicate the total resources of the given type used by the specific entity and all of its sub-entities in the hierarchy.


+------------------------------------------------------+
; General Register Statistics                          ;
+----------------------------------------------+-------+
; Statistic                                    ; Value ;
+----------------------------------------------+-------+
; Total registers                              ; 0     ;
; Number of registers using Synchronous Clear  ; 0     ;
; Number of registers using Synchronous Load   ; 0     ;
; Number of registers using Asynchronous Clear ; 0     ;
; Number of registers using Asynchronous Load  ; 0     ;
; Number of registers using Clock Enable       ; 0     ;
; Number of registers using Preset             ; 0     ;
+----------------------------------------------+-------+


+-------------------------------------------------------------------------------------------------------------------------------------------------------------------------------------------------------------+
; Multiplexer Restructuring Statistics (Restructuring Performed)                                                                                                                                              ;
+--------------------+-----------+---------------+----------------------+------------------------+------------+-----------------------------------------------------------------------------------------------+
; Multiplexer Inputs ; Bus Width ; Baseline Area ; Area if Restructured ; Saving if Restructured ; Registered ; Example Multiplexer Output                                                                    ;
+--------------------+-----------+---------------+----------------------+------------------------+------------+-----------------------------------------------------------------------------------------------+
; 3:1                ; 8 bits    ; 16 ALUTs      ; 16 ALUTs             ; 0 ALUTs                ; No         ; |ALU|ALU_lpm_mux0:inst2|lpm_mux:lpm_mux_component|mux_1oc:auto_generated|l2_w0_n0_mux_dataout ;
+--------------------+-----------+---------------+----------------------+------------------------+------------+-----------------------------------------------------------------------------------------------+


+-------------------------------------------------------------------------------------------+
; Parameter Settings for User Entity Instance: ALU_lpm_mux0:inst2|lpm_mux:lpm_mux_component ;
+------------------------+------------+-----------------------------------------------------+
; Parameter Name         ; Value      ; Type                                                ;
+------------------------+------------+-----------------------------------------------------+
; AUTO_CARRY_CHAINS      ; ON         ; AUTO_CARRY                                          ;
; IGNORE_CARRY_BUFFERS   ; OFF        ; IGNORE_CARRY                                        ;
; AUTO_CASCADE_CHAINS    ; ON         ; AUTO_CASCADE                                        ;
; IGNORE_CASCADE_BUFFERS ; OFF        ; IGNORE_CASCADE                                      ;
; LPM_WIDTH              ; 8          ; Untyped                                             ;
; LPM_SIZE               ; 4          ; Untyped                                             ;
; LPM_WIDTHS             ; 2          ; Untyped                                             ;
; LPM_PIPELINE           ; 0          ; Untyped                                             ;
; CBXI_PARAMETER         ; mux_1oc    ; Untyped                                             ;
; DEVICE_FAMILY          ; Stratix II ; Untyped                                             ;
+------------------------+------------+-----------------------------------------------------+
Note: In order to hide this table in the UI and the text report file, please set the "Show Parameter Settings Tables in Synthesis Report" option in "Analysis and Synthesis Settings -> More Settings" to "Off".


+-------------------------------------------------------------------------------------------------+
; Parameter Settings for User Entity Instance: lpm_add_sub0:ADD|lpm_add_sub:lpm_add_sub_component ;
+------------------------+-------------+----------------------------------------------------------+
; Parameter Name         ; Value       ; Type                                                     ;
+------------------------+-------------+----------------------------------------------------------+
; LPM_WIDTH              ; 8           ; Untyped                                                  ;
; LPM_REPRESENTATION     ; SIGNED      ; Untyped                                                  ;
; LPM_DIRECTION          ; DEFAULT     ; Untyped                                                  ;
; ONE_INPUT_IS_CONSTANT  ; NO          ; Untyped                                                  ;
; LPM_PIPELINE           ; 0           ; Untyped                                                  ;
; MAXIMIZE_SPEED         ; 5           ; Untyped                                                  ;
; REGISTERED_AT_END      ; 0           ; Untyped                                                  ;
; OPTIMIZE_FOR_SPEED     ; 5           ; Untyped                                                  ;
; USE_CS_BUFFERS         ; 1           ; Untyped                                                  ;
; CARRY_CHAIN            ; MANUAL      ; Untyped                                                  ;
; CARRY_CHAIN_LENGTH     ; 48          ; CARRY_CHAIN_LENGTH                                       ;
; DEVICE_FAMILY          ; Stratix II  ; Untyped                                                  ;
; USE_WYS                ; OFF         ; Untyped                                                  ;
; STYLE                  ; FAST        ; Untyped                                                  ;
; CBXI_PARAMETER         ; add_sub_pnh ; Untyped                                                  ;
; AUTO_CARRY_CHAINS      ; ON          ; AUTO_CARRY                                               ;
; IGNORE_CARRY_BUFFERS   ; OFF         ; IGNORE_CARRY                                             ;
; AUTO_CASCADE_CHAINS    ; ON          ; AUTO_CASCADE                                             ;
; IGNORE_CASCADE_BUFFERS ; OFF         ; IGNORE_CASCADE                                           ;
+------------------------+-------------+----------------------------------------------------------+
Note: In order to hide this table in the UI and the text report file, please set the "Show Parameter Settings Tables in Synthesis Report" option in "Analysis and Synthesis Settings -> More Settings" to "Off".


+------------------------------------------------------------------------------------------------+
; Parameter Settings for User Entity Instance: lpm_decode1:inst4|lpm_decode:lpm_decode_component ;
+------------------------+------------+----------------------------------------------------------+
; Parameter Name         ; Value      ; Type                                                     ;
+------------------------+------------+----------------------------------------------------------+
; LPM_WIDTH              ; 2          ; Untyped                                                  ;
; LPM_DECODES            ; 4          ; Untyped                                                  ;
; LPM_PIPELINE           ; 0          ; Untyped                                                  ;
; CASCADE_CHAIN          ; MANUAL     ; Untyped                                                  ;
; DEVICE_FAMILY          ; Stratix II ; Untyped                                                  ;
; CBXI_PARAMETER         ; decode_p7f ; Untyped                                                  ;
; AUTO_CARRY_CHAINS      ; ON         ; AUTO_CARRY                                               ;
; IGNORE_CARRY_BUFFERS   ; OFF        ; IGNORE_CARRY                                             ;
; AUTO_CASCADE_CHAINS    ; ON         ; AUTO_CASCADE                                             ;
; IGNORE_CASCADE_BUFFERS ; OFF        ; IGNORE_CASCADE                                           ;
+------------------------+------------+----------------------------------------------------------+
Note: In order to hide this table in the UI and the text report file, please set the "Show Parameter Settings Tables in Synthesis Report" option in "Analysis and Synthesis Settings -> More Settings" to "Off".


+-------------------------------------------------------------------------------------+
; Parameter Settings for User Entity Instance: lpm_and0:and|lpm_and:lpm_and_component ;
+------------------------+------------+-----------------------------------------------+
; Parameter Name         ; Value      ; Type                                          ;
+------------------------+------------+-----------------------------------------------+
; AUTO_CARRY_CHAINS      ; ON         ; AUTO_CARRY                                    ;
; IGNORE_CARRY_BUFFERS   ; OFF        ; IGNORE_CARRY                                  ;
; AUTO_CASCADE_CHAINS    ; ON         ; AUTO_CASCADE                                  ;
; IGNORE_CASCADE_BUFFERS ; OFF        ; IGNORE_CASCADE                                ;
; LPM_WIDTH              ; 8          ; Untyped                                       ;
; LPM_SIZE               ; 2          ; Untyped                                       ;
; CARRY_CHAIN_LENGTH     ; 48         ; CARRY_CHAIN_LENGTH                            ;
; CARRY_CHAIN            ; MANUAL     ; Untyped                                       ;
; CASCADE_CHAIN          ; MANUAL     ; Untyped                                       ;
; DEVICE_FAMILY          ; Stratix II ; Untyped                                       ;
+------------------------+------------+-----------------------------------------------+
Note: In order to hide this table in the UI and the text report file, please set the "Show Parameter Settings Tables in Synthesis Report" option in "Analysis and Synthesis Settings -> More Settings" to "Off".


+-------------------------------------------------------------------------------------+
; Parameter Settings for User Entity Instance: lpm_inv0:inv|lpm_inv:lpm_inv_component ;
+----------------+-------+------------------------------------------------------------+
; Parameter Name ; Value ; Type                                                       ;
+----------------+-------+------------------------------------------------------------+
; LPM_WIDTH      ; 8     ; Untyped                                                    ;
+----------------+-------+------------------------------------------------------------+
Note: In order to hide this table in the UI and the text report file, please set the "Show Parameter Settings Tables in Synthesis Report" option in "Analysis and Synthesis Settings -> More Settings" to "Off".


+---------------------------------------------------------------------------------------------------+
; Parameter Settings for User Entity Instance: lpm_add_sub0:inst1|lpm_add_sub:lpm_add_sub_component ;
+------------------------+-------------+------------------------------------------------------------+
; Parameter Name         ; Value       ; Type                                                       ;
+------------------------+-------------+------------------------------------------------------------+
; LPM_WIDTH              ; 8           ; Untyped                                                    ;
; LPM_REPRESENTATION     ; SIGNED      ; Untyped                                                    ;
; LPM_DIRECTION          ; DEFAULT     ; Untyped                                                    ;
; ONE_INPUT_IS_CONSTANT  ; NO          ; Untyped                                                    ;
; LPM_PIPELINE           ; 0           ; Untyped                                                    ;
; MAXIMIZE_SPEED         ; 5           ; Untyped                                                    ;
; REGISTERED_AT_END      ; 0           ; Untyped                                                    ;
; OPTIMIZE_FOR_SPEED     ; 5           ; Untyped                                                    ;
; USE_CS_BUFFERS         ; 1           ; Untyped                                                    ;
; CARRY_CHAIN            ; MANUAL      ; Untyped                                                    ;
; CARRY_CHAIN_LENGTH     ; 48          ; CARRY_CHAIN_LENGTH                                         ;
; DEVICE_FAMILY          ; Stratix II  ; Untyped                                                    ;
; USE_WYS                ; OFF         ; Untyped                                                    ;
; STYLE                  ; FAST        ; Untyped                                                    ;
; CBXI_PARAMETER         ; add_sub_pnh ; Untyped                                                    ;
; AUTO_CARRY_CHAINS      ; ON          ; AUTO_CARRY                                                 ;
; IGNORE_CARRY_BUFFERS   ; OFF         ; IGNORE_CARRY                                               ;
; AUTO_CASCADE_CHAINS    ; ON          ; AUTO_CASCADE                                               ;
; IGNORE_CASCADE_BUFFERS ; OFF         ; IGNORE_CASCADE                                             ;
+------------------------+-------------+------------------------------------------------------------+
Note: In order to hide this table in the UI and the text report file, please set the "Show Parameter Settings Tables in Synthesis Report" option in "Analysis and Synthesis Settings -> More Settings" to "Off".


+-------------------------------+
; Analysis & Synthesis Messages ;
+-------------------------------+
Info: *******************************************************************
Info: Running Quartus II Analysis & Synthesis
    Info: Version 9.1 Build 350 03/24/2010 Service Pack 2 SJ Web Edition
    Info: Processing started: Fri Dec 26 21:12:05 2025
Info: Command: quartus_map --read_settings_files=on --write_settings_files=off ALU -c ALU
Warning: Tcl Script File lpm_mux0.qip not found
    Info: set_global_assignment -name QIP_FILE lpm_mux0.qip
Info: Found 1 design units, including 1 entities, in source file alu.bdf
    Info: Found entity 1: ALU
Info: Elaborating entity "ALU" for the top level hierarchy
Warning: Using design file alu_lpm_mux0.tdf, which is not specified as a design file for the current project, but contains definitions for 1 design units and 1 entities in project
    Info: Found entity 1: ALU_lpm_mux0
Info: Elaborating entity "ALU_lpm_mux0" for hierarchy "ALU_lpm_mux0:inst2"
Info: Elaborating entity "lpm_mux" for hierarchy "ALU_lpm_mux0:inst2|lpm_mux:lpm_mux_component"
Info: Elaborated megafunction instantiation "ALU_lpm_mux0:inst2|lpm_mux:lpm_mux_component"
Info: Instantiated megafunction "ALU_lpm_mux0:inst2|lpm_mux:lpm_mux_component" with the following parameter:
    Info: Parameter "LPM_TYPE" = "LPM_MUX"
    Info: Parameter "LPM_WIDTH" = "8"
    Info: Parameter "LPM_SIZE" = "4"
    Info: Parameter "LPM_WIDTHS" = "2"
Info: Found 1 design units, including 1 entities, in source file db/mux_1oc.tdf
    Info: Found entity 1: mux_1oc
Info: Elaborating entity "mux_1oc" for hierarchy "ALU_lpm_mux0:inst2|lpm_mux:lpm_mux_component|mux_1oc:auto_generated"
Warning: Using design file lpm_add_sub0.tdf, which is not specified as a design file for the current project, but contains definitions for 1 design units and 1 entities in project
    Info: Found entity 1: lpm_add_sub0
Info: Elaborating entity "lpm_add_sub0" for hierarchy "lpm_add_sub0:ADD"
Info: Elaborating entity "lpm_add_sub" for hierarchy "lpm_add_sub0:ADD|lpm_add_sub:lpm_add_sub_component"
Info: Elaborated megafunction instantiation "lpm_add_sub0:ADD|lpm_add_sub:lpm_add_sub_component"
Info: Instantiated megafunction "lpm_add_sub0:ADD|lpm_add_sub:lpm_add_sub_component" with the following parameter:
    Info: Parameter "LPM_TYPE" = "LPM_ADD_SUB"
    Info: Parameter "LPM_HINT" = "ONE_INPUT_IS_CONSTANT=NO,CIN_USED=NO"
    Info: Parameter "LPM_WIDTH" = "8"
    Info: Parameter "LPM_REPRESENTATION" = "SIGNED"
    Info: Parameter "LPM_DIRECTION" = "UNUSED"
Info: Found 1 design units, including 1 entities, in source file db/add_sub_pnh.tdf
    Info: Found entity 1: add_sub_pnh
Info: Elaborating entity "add_sub_pnh" for hierarchy "lpm_add_sub0:ADD|lpm_add_sub:lpm_add_sub_component|add_sub_pnh:auto_generated"
Warning: Using design file lpm_decode1.tdf, which is not specified as a design file for the current project, but contains definitions for 1 design units and 1 entities in project
    Info: Found entity 1: lpm_decode1
Info: Elaborating entity "lpm_decode1" for hierarchy "lpm_decode1:inst4"
Info: Elaborating entity "lpm_decode" for hierarchy "lpm_decode1:inst4|lpm_decode:lpm_decode_component"
Info: Elaborated megafunction instantiation "lpm_decode1:inst4|lpm_decode:lpm_decode_component"
Info: Instantiated megafunction "lpm_decode1:inst4|lpm_decode:lpm_decode_component" with the following parameter:
    Info: Parameter "LPM_TYPE" = "LPM_DECODE"
    Info: Parameter "LPM_WIDTH" = "2"
    Info: Parameter "LPM_DECODES" = "4"
Info: Found 1 design units, including 1 entities, in source file db/decode_p7f.tdf
    Info: Found entity 1: decode_p7f
Info: Elaborating entity "decode_p7f" for hierarchy "lpm_decode1:inst4|lpm_decode:lpm_decode_component|decode_p7f:auto_generated"
Warning: Using design file lpm_and0.tdf, which is not specified as a design file for the current project, but contains definitions for 1 design units and 1 entities in project
    Info: Found entity 1: lpm_and0
Info: Elaborating entity "lpm_and0" for hierarchy "lpm_and0:and"
Info: Elaborating entity "lpm_and" for hierarchy "lpm_and0:and|lpm_and:lpm_and_component"
Info: Elaborated megafunction instantiation "lpm_and0:and|lpm_and:lpm_and_component"
Info: Instantiated megafunction "lpm_and0:and|lpm_and:lpm_and_component" with the following parameter:
    Info: Parameter "LPM_TYPE" = "LPM_AND"
    Info: Parameter "LPM_WIDTH" = "8"
    Info: Parameter "LPM_SIZE" = "2"
Warning: Using design file lpm_inv0.tdf, which is not specified as a design file for the current project, but contains definitions for 1 design units and 1 entities in project
    Info: Found entity 1: lpm_inv0
Info: Elaborating entity "lpm_inv0" for hierarchy "lpm_inv0:inv"
Info: Elaborating entity "lpm_inv" for hierarchy "lpm_inv0:inv|lpm_inv:lpm_inv_component"
Info: Elaborated megafunction instantiation "lpm_inv0:inv|lpm_inv:lpm_inv_component"
Info: Instantiated megafunction "lpm_inv0:inv|lpm_inv:lpm_inv_component" with the following parameter:
    Info: Parameter "LPM_TYPE" = "LPM_INV"
    Info: Parameter "LPM_WIDTH" = "8"
Info: Implemented 96 device resources after synthesis - the final resource count might be different
    Info: Implemented 35 input pins
    Info: Implemented 22 output pins
    Info: Implemented 39 logic cells
Info: Quartus II Analysis & Synthesis was successful. 0 errors, 6 warnings
    Info: Peak virtual memory: 237 megabytes
    Info: Processing ended: Fri Dec 26 21:12:10 2025
    Info: Elapsed time: 00:00:05
    Info: Total CPU time (on all processors): 00:00:02


